[11mai2026 17:32:57.067] [main/INFO] [cpw.mods.modlauncher.Launcher/MODLAUNCHER]: ModLauncher running: args [--launchTarget, forgeclientdev, --version, 21.1.228, --assetIndex, 17, --assetsDir, C:\\Users\\mcord\\.gradle\\caches\\neoformruntime\\assets, --gameDir, ., --fml.fmlVersion, 4.0.42, --fml.mcVersion, 1.21.1, --fml.neoForgeVersion, 21.1.228, --fml.neoFormVersion, 20240808.144430]
[11mai2026 17:32:57.070] [main/INFO] [cpw.mods.modlauncher.Launcher/MODLAUNCHER]: JVM identified as Oracle Corporation Java HotSpot(TM) 64-Bit Server VM 21.0.5+9-LTS-239
[11mai2026 17:32:57.072] [main/INFO] [cpw.mods.modlauncher.Launcher/MODLAUNCHER]: ModLauncher 11.0.5+main.901c6ea8 starting: java version 21.0.5 by Oracle Corporation; OS Windows 11 arch amd64 version 10.0
[11mai2026 17:32:57.206] [main/INFO] [net.neoforged.fml.loading.ImmediateWindowHandler/]: Loading ImmediateWindowProvider fmlearlywindow
[11mai2026 17:32:57.357] [main/INFO] [EARLYDISPLAY/]: Trying GL version 4.6
[11mai2026 17:32:57.587] [main/INFO] [EARLYDISPLAY/]: Requested GL version 4.6 got version 4.6
[11mai2026 17:32:57.704] [main/INFO] [mixin/]: SpongePowered MIXIN Subsystem Version=0.8.7 Source=union:/C:/Users/mcord/.gradle/caches/modules-2/files-2.1/net.fabricmc/sponge-mixin/0.15.2+mixin.0.8.7/2af2f021d8e02a0220dc27a7a72b4666d66d44ca/sponge-mixin-0.15.2+mixin.0.8.7.jar%23138!/ Service=ModLauncher Env=CLIENT
[11mai2026 17:32:57.908] [pool-2-thread-1/INFO] [EARLYDISPLAY/]: GL info: NVIDIA GeForce RTX 3060 Laptop GPU/PCIe/SSE2 GL version 4.6.0 NVIDIA 596.36, NVIDIA Corporation
[11mai2026 17:32:58.624] [main/WARN] [net.neoforged.jarjar.selection.JarSelector/]: Attempted to select a dependency jar for JarJar which was passed in as source: sablecompanion. Using Mod File: C:\Users\mcord\.gradle\caches\modules-2\files-2.1\dev.ryanhcode.sable-companion\sable-companion-common-1.21.1\1.6.0\370be7db705926176e05c0215ed676150c45daae\sable-companion-common-1.21.1-1.6.0.jar
[11mai2026 17:32:58.624] [main/INFO] [net.neoforged.fml.loading.moddiscovery.locators.JarInJarDependencyLocator/]: Found 8 dependencies adding them to mods collection
[11mai2026 17:32:58.626] [main/INFO] [net.neoforged.fml.loading.moddiscovery.ModDiscoverer/]: 
     Mod List:
		Name Version (Mod Id)

		Create 6.0.10 (create)
		Create : Linear Motion Simulated 1.0.0 (create_linear_motion_simulated)
		Create Aeronautics 1.1.3 (aeronautics)
		Create Aeronautics 1.1.3 (aeronautics_bundled)
		Create Offroad 1.1.3 (offroad)
		Create Simulated 1.1.3 (simulated)
		Flywheel 1.0.6 (flywheel)
		Minecraft 1.21.1 (minecraft)
		NeoForge 21.1.228 (neoforge)
		Ponder 1.0.82+mc1.21.1 (ponder)
		Sable 1.2.2 (sable)
		Sable Companion 1.6.0 (sablecompanion)
		Veil 4.0.0 (veil)
[11mai2026 17:32:59.844] [main/INFO] [mixin/]: Compatibility level set to JAVA_21
[11mai2026 17:32:59.885] [main/INFO] [cpw.mods.modlauncher.LaunchServiceHandler/MODLAUNCHER]: Launching target 'forgeclientdev' with arguments [--version, 21.1.228, --gameDir, ., --assetsDir, C:\Users\mcord\.gradle\caches\neoformruntime\assets, --assetIndex, 17]
[11mai2026 17:33:00.057] [main/WARN] [mixin/]: Reference map 'veil.refmap.json' for veil.command.mixins.json could not be read. If this is a development environment you can ignore this message
[11mai2026 17:33:00.057] [main/WARN] [mixin/]: Reference map 'veil.refmap.json' for veil.debug.mixins.json could not be read. If this is a development environment you can ignore this message
[11mai2026 17:33:00.057] [main/WARN] [mixin/]: Reference map 'veil.refmap.json' for veil.dynamicbuffer.mixins.json could not be read. If this is a development environment you can ignore this message
[11mai2026 17:33:00.059] [main/WARN] [mixin/]: Reference map 'veil.refmap.json' for veil.fix.mixins.json could not be read. If this is a development environment you can ignore this message
[11mai2026 17:33:00.059] [main/WARN] [mixin/]: Reference map 'veil.refmap.json' for veil.framebuffer.mixins.json could not be read. If this is a development environment you can ignore this message
[11mai2026 17:33:00.059] [main/WARN] [mixin/]: Reference map 'veil.refmap.json' for veil.necromancer.mixins.json could not be read. If this is a development environment you can ignore this message
[11mai2026 17:33:00.059] [main/WARN] [mixin/]: Reference map 'veil.refmap.json' for veil.network.mixins.json could not be read. If this is a development environment you can ignore this message
[11mai2026 17:33:00.061] [main/WARN] [mixin/]: Reference map 'veil.refmap.json' for veil.performance.mixins.json could not be read. If this is a development environment you can ignore this message
[11mai2026 17:33:00.061] [main/WARN] [mixin/]: Reference map 'veil.refmap.json' for veil.perspective.mixins.json could not be read. If this is a development environment you can ignore this message
[11mai2026 17:33:00.061] [main/WARN] [mixin/]: Reference map 'veil.refmap.json' for veil.pipeline.mixins.json could not be read. If this is a development environment you can ignore this message
[11mai2026 17:33:00.061] [main/WARN] [mixin/]: Reference map 'veil.refmap.json' for veil.quasar.mixins.json could not be read. If this is a development environment you can ignore this message
[11mai2026 17:33:00.062] [main/WARN] [mixin/]: Reference map 'veil.refmap.json' for veil.registry.mixins.json could not be read. If this is a development environment you can ignore this message
[11mai2026 17:33:00.063] [main/WARN] [mixin/]: Reference map 'veil.refmap.json' for veil.rendertype.mixins.json could not be read. If this is a development environment you can ignore this message
[11mai2026 17:33:00.063] [main/WARN] [mixin/]: Reference map 'veil.refmap.json' for veil.resource.mixins.json could not be read. If this is a development environment you can ignore this message
[11mai2026 17:33:00.065] [main/WARN] [mixin/]: Reference map 'veil.refmap.json' for veil.scheduler.mixins.json could not be read. If this is a development environment you can ignore this message
[11mai2026 17:33:00.065] [main/WARN] [mixin/]: Reference map 'veil.refmap.json' for veil.shader.mixins.json could not be read. If this is a development environment you can ignore this message
[11mai2026 17:33:00.066] [main/WARN] [mixin/]: Reference map 'veil.refmap.json' for veil.neoforge.mixins.json could not be read. If this is a development environment you can ignore this message
[11mai2026 17:33:00.067] [main/WARN] [mixin/]: Reference map 'simulated.refmap.json' for simulated.mixins.json could not be read. If this is a development environment you can ignore this message
[11mai2026 17:33:00.074] [main/WARN] [mixin/]: Reference map 'aeronautics.refmap.json' for aeronautics.mixins.json could not be read. If this is a development environment you can ignore this message
[11mai2026 17:33:00.092] [main/WARN] [mixin/]: Reference map 'ponder.refmap.json' for ponder-common.mixins.json could not be read. If this is a development environment you can ignore this message
[11mai2026 17:33:00.113] [main/INFO] [dev.ryanhcode.sable.mixin.AbstractSableMixinPlugin/]: Using Vanilla renderer mixins
[11mai2026 17:33:00.114] [main/INFO] [dev.ryanhcode.sable.mixin.AbstractSableMixinPlugin/]: Using Vanilla renderer mixins
[11mai2026 17:33:00.115] [main/WARN] [mixin/]: Reference map 'offroad.refmap.json' for offroad.mixins.json could not be read. If this is a development environment you can ignore this message
[11mai2026 17:33:00.703] [main/WARN] [mixin/]: Error loading class: net/irisshaders/iris/pipeline/PipelineManager (java.lang.ClassNotFoundException: net.irisshaders.iris.pipeline.PipelineManager)
[11mai2026 17:33:00.705] [main/WARN] [mixin/]: @Mixin target net.irisshaders.iris.pipeline.PipelineManager was not found veil.neoforge.mixins.json:client.perspective.iris.PipelineManagerMixin from mod veil
[11mai2026 17:33:00.765] [main/WARN] [mixin/]: Error loading class: mezz/jei/library/plugins/vanilla/ingredients/ItemStackListFactory (java.lang.ClassNotFoundException: mezz.jei.library.plugins.vanilla.ingredients.ItemStackListFactory)
[11mai2026 17:33:01.391] [main/WARN] [mixin/]: Error loading class: org/jetbrains/annotations/ApiStatus$ScheduledForRemoval (java.lang.ClassNotFoundException: org.jetbrains.annotations.ApiStatus$ScheduledForRemoval)
[11mai2026 17:33:01.453] [main/INFO] [MixinExtras|Service/]: Initializing MixinExtras via com.llamalad7.mixinextras.service.MixinExtrasServiceImpl(version=0.5.3).
[11mai2026 17:33:03.264] [Datafixer Bootstrap/INFO] [com.mojang.datafixers.DataFixerBuilder/]: 229 Datafixer optimizations took 350 milliseconds
[11mai2026 17:33:09.514] [main/WARN] [net.minecraft.commands.Commands/]: Ambiguity between arguments [teleport, location] and [teleport, destination] with inputs: [0.1 -0.5 .9, 0 0 0]
[11mai2026 17:33:09.516] [main/WARN] [net.minecraft.commands.Commands/]: Ambiguity between arguments [teleport, location] and [teleport, targets] with inputs: [0.1 -0.5 .9, 0 0 0]
[11mai2026 17:33:09.520] [main/WARN] [net.minecraft.commands.Commands/]: Ambiguity between arguments [teleport, destination] and [teleport, targets] with inputs: [Player, 0123, @e, dd12be42-52a9-4a91-a8a1-11c01849e498]
[11mai2026 17:33:09.522] [main/WARN] [net.minecraft.commands.Commands/]: Ambiguity between arguments [teleport, targets] and [teleport, destination] with inputs: [Player, 0123, dd12be42-52a9-4a91-a8a1-11c01849e498]
[11mai2026 17:33:09.523] [main/WARN] [net.minecraft.commands.Commands/]: Ambiguity between arguments [teleport, targets, location] and [teleport, targets, destination] with inputs: [0.1 -0.5 .9, 0 0 0]
[11mai2026 17:33:09.709] [Render thread/WARN] [net.minecraft.server.packs.VanillaPackResourcesBuilder/]: Assets URL 'union:/C:/Users/mcord/Desktop/createlinearmotionsimulated-1.21.1/build/moddev/artifacts/neoforge-21.1.228.jar%23189!/assets/.mcassetsroot' uses unexpected schema
[11mai2026 17:33:09.709] [Render thread/WARN] [net.minecraft.server.packs.VanillaPackResourcesBuilder/]: Assets URL 'union:/C:/Users/mcord/Desktop/createlinearmotionsimulated-1.21.1/build/moddev/artifacts/neoforge-21.1.228.jar%23189!/data/.mcassetsroot' uses unexpected schema
[11mai2026 17:33:09.749] [Render thread/INFO] [com.mojang.authlib.yggdrasil.YggdrasilAuthenticationService/]: Environment: Environment[sessionHost=https://sessionserver.mojang.com, servicesHost=https://api.minecraftservices.com, name=PROD]
[11mai2026 17:33:09.762] [Render thread/INFO] [net.minecraft.client.Minecraft/]: Setting user: Dev
[11mai2026 17:33:09.871] [Render thread/INFO] [net.minecraft.client.Minecraft/]: Backend library: LWJGL version 3.3.3+5
[11mai2026 17:33:10.382] [modloading-worker-0/INFO] [Veil/]: Veil is initializing.
[11mai2026 17:33:10.449] [modloading-worker-0/INFO] [net.neoforged.neoforge.common.NeoForgeMod/NEOFORGE-MOD]: NeoForge mod loading, version 21.1.228, for MC 1.21.1
[11mai2026 17:33:10.759] [modloading-worker-0/INFO] [com.simibubi.create.Create/]: Create 6.0.10 initializing! Commit hash: ac0c444d9828da3453ae8cc65338e8de063286fb
[11mai2026 17:33:12.631] [modloading-worker-0/INFO] [dev.ryanhcode.sable.Sable/]: Sable loaded!
[11mai2026 17:33:12.656] [modloading-worker-0/WARN] [dev.ryanhcode.sable.Sable/]: NOTE: Sable is loaded with Flywheel. Sable contains extensive shader overrides and a full light-storage replacement. Expect this to cause compatibility issues. If issues arise, please report them to the Sable issue tracker (https://github.com/ryanhcode/sable/issues) instead of the Flywheel issue tracker.
[11mai2026 17:33:12.981] [modloading-sync-worker/ERROR] [net.neoforged.fml.javafmlmod.FMLModContainer/]: Exception caught during firing event: Missing intrusive holder for ResourceKey[minecraft:block / create_linear_motion_simulated:pneumatic_cylinder]:Block{create_linear_motion_simulated:pneumatic_cylinder}
	Index: 1
	Listeners:
		0: com.tterrag.registrate.AbstractRegistrate$$Lambda/0x000001dedae39860@72790fae
		1: com.tterrag.registrate.AbstractRegistrate$$Lambda/0x000001dedae39860@e97820c
java.lang.AssertionError: Missing intrusive holder for ResourceKey[minecraft:block / create_linear_motion_simulated:pneumatic_cylinder]:Block{create_linear_motion_simulated:pneumatic_cylinder}
	at TRANSFORMER/minecraft@1.21.1/net.minecraft.core.MappedRegistry.register(MappedRegistry.java:146)
	at TRANSFORMER/minecraft@1.21.1/net.minecraft.core.MappedRegistry.register(MappedRegistry.java:123)
	at TRANSFORMER/minecraft@1.21.1/net.minecraft.core.DefaultedMappedRegistry.register(DefaultedMappedRegistry.java:22)
	at TRANSFORMER/minecraft@1.21.1/net.minecraft.core.Registry.register(Registry.java:129)
	at TRANSFORMER/minecraft@1.21.1/net.minecraft.core.Registry.register(Registry.java:125)
	at TRANSFORMER/neoforge@21.1.228/net.neoforged.neoforge.registries.RegisterEvent.lambda$register$0(RegisterEvent.java:62)
	at TRANSFORMER/Registrate.MC1._21._67@1.3.0+67/com.tterrag.registrate.AbstractRegistrate$Registration.lambda$register$0(AbstractRegistrate.java:141)
	at TRANSFORMER/neoforge@21.1.228/net.neoforged.neoforge.registries.RegisterEvent.register(RegisterEvent.java:62)
	at TRANSFORMER/Registrate.MC1._21._67@1.3.0+67/com.tterrag.registrate.AbstractRegistrate$Registration.register(AbstractRegistrate.java:141)
	at TRANSFORMER/Registrate.MC1._21._67@1.3.0+67/com.tterrag.registrate.AbstractRegistrate.onRegister(AbstractRegistrate.java:270)
	at MC-BOOTSTRAP/net.neoforged.bus/net.neoforged.bus.ConsumerEventHandler.invoke(ConsumerEventHandler.java:27)
	at MC-BOOTSTRAP/net.neoforged.bus/net.neoforged.bus.EventBus.post(EventBus.java:360)
	at MC-BOOTSTRAP/net.neoforged.bus/net.neoforged.bus.EventBus.post(EventBus.java:342)
	at MC-BOOTSTRAP/fml_loader@4.0.42/net.neoforged.fml.ModContainer.acceptEvent(ModContainer.java:177)
	at MC-BOOTSTRAP/fml_loader@4.0.42/net.neoforged.fml.ModLoader.lambda$postEventWithWrapInModOrder$16(ModLoader.java:379)
	at java.base/java.lang.Iterable.forEach(Iterable.java:75)
	at MC-BOOTSTRAP/fml_loader@4.0.42/net.neoforged.fml.ModList.forEachModInOrder(ModList.java:174)
	at MC-BOOTSTRAP/fml_loader@4.0.42/net.neoforged.fml.ModLoader.postEventWithWrapInModOrder(ModLoader.java:377)
	at MC-BOOTSTRAP/fml_loader@4.0.42/net.neoforged.fml.ModLoader.postEventWrapContainerInModOrder(ModLoader.java:368)
	at TRANSFORMER/neoforge@21.1.228/net.neoforged.neoforge.registries.GameData.postRegisterEvents(GameData.java:92)
	at TRANSFORMER/neoforge@21.1.228/net.neoforged.neoforge.internal.CommonModLoader.lambda$begin$0(CommonModLoader.java:54)
	at java.base/java.util.concurrent.CompletableFuture$AsyncRun.run(CompletableFuture.java:1804)
	at java.base/java.util.concurrent.ThreadPoolExecutor.runWorker(ThreadPoolExecutor.java:1144)
	at java.base/java.util.concurrent.ThreadPoolExecutor$Worker.run(ThreadPoolExecutor.java:642)
	at java.base/java.lang.Thread.run(Thread.java:1583)

[11mai2026 17:33:12.984] [modloading-sync-worker/ERROR] [net.neoforged.fml.ModContainer/LOADING]: Caught exception during event net.neoforged.neoforge.registries.RegisterEvent@471b6d15 dispatch for modid create_linear_motion_simulated
java.lang.AssertionError: Missing intrusive holder for ResourceKey[minecraft:block / create_linear_motion_simulated:pneumatic_cylinder]:Block{create_linear_motion_simulated:pneumatic_cylinder}
	at TRANSFORMER/minecraft@1.21.1/net.minecraft.core.MappedRegistry.register(MappedRegistry.java:146) ~[neoforge-21.1.228.jar%23189!/:?]
	at TRANSFORMER/minecraft@1.21.1/net.minecraft.core.MappedRegistry.register(MappedRegistry.java:123) ~[neoforge-21.1.228.jar%23189!/:?]
	at TRANSFORMER/minecraft@1.21.1/net.minecraft.core.DefaultedMappedRegistry.register(DefaultedMappedRegistry.java:22) ~[neoforge-21.1.228.jar%23189!/:?]
	at TRANSFORMER/minecraft@1.21.1/net.minecraft.core.Registry.register(Registry.java:129) ~[neoforge-21.1.228.jar%23189!/:?]
	at TRANSFORMER/minecraft@1.21.1/net.minecraft.core.Registry.register(Registry.java:125) ~[neoforge-21.1.228.jar%23189!/:?]
	at TRANSFORMER/neoforge@21.1.228/net.neoforged.neoforge.registries.RegisterEvent.lambda$register$0(RegisterEvent.java:62) ~[neoforge-21.1.228.jar%23190!/:?]
	at TRANSFORMER/Registrate.MC1._21._67@1.3.0+67/com.tterrag.registrate.AbstractRegistrate$Registration.lambda$register$0(AbstractRegistrate.java:141) ~[Registrate-MC1.21-1.3.0+67.jar%23208!/:?]
	at TRANSFORMER/neoforge@21.1.228/net.neoforged.neoforge.registries.RegisterEvent.register(RegisterEvent.java:62) ~[neoforge-21.1.228.jar%23190!/:?]
	at TRANSFORMER/Registrate.MC1._21._67@1.3.0+67/com.tterrag.registrate.AbstractRegistrate$Registration.register(AbstractRegistrate.java:141) ~[Registrate-MC1.21-1.3.0+67.jar%23208!/:?]
	at TRANSFORMER/Registrate.MC1._21._67@1.3.0+67/com.tterrag.registrate.AbstractRegistrate.onRegister(AbstractRegistrate.java:270) ~[Registrate-MC1.21-1.3.0+67.jar%23208!/:?]
	at MC-BOOTSTRAP/net.neoforged.bus/net.neoforged.bus.ConsumerEventHandler.invoke(ConsumerEventHandler.java:27) ~[bus-8.0.5.jar%23150!/:?]
	at MC-BOOTSTRAP/net.neoforged.bus/net.neoforged.bus.EventBus.post(EventBus.java:360) ~[bus-8.0.5.jar%23150!/:?]
	at MC-BOOTSTRAP/net.neoforged.bus/net.neoforged.bus.EventBus.post(EventBus.java:342) ~[bus-8.0.5.jar%23150!/:?]
	at MC-BOOTSTRAP/fml_loader@4.0.42/net.neoforged.fml.ModContainer.acceptEvent(ModContainer.java:177) ~[loader-4.0.42.jar%23146!/:4.0]
	at MC-BOOTSTRAP/fml_loader@4.0.42/net.neoforged.fml.ModLoader.lambda$postEventWithWrapInModOrder$16(ModLoader.java:379) ~[loader-4.0.42.jar%23146!/:4.0]
	at java.base/java.lang.Iterable.forEach(Iterable.java:75) ~[?:?]
	at MC-BOOTSTRAP/fml_loader@4.0.42/net.neoforged.fml.ModList.forEachModInOrder(ModList.java:174) ~[loader-4.0.42.jar%23146!/:4.0]
	at MC-BOOTSTRAP/fml_loader@4.0.42/net.neoforged.fml.ModLoader.postEventWithWrapInModOrder(ModLoader.java:377) ~[loader-4.0.42.jar%23146!/:4.0]
	at MC-BOOTSTRAP/fml_loader@4.0.42/net.neoforged.fml.ModLoader.postEventWrapContainerInModOrder(ModLoader.java:368) ~[loader-4.0.42.jar%23146!/:4.0]
	at TRANSFORMER/neoforge@21.1.228/net.neoforged.neoforge.registries.GameData.postRegisterEvents(GameData.java:92) ~[neoforge-21.1.228.jar%23190!/:?]
	at TRANSFORMER/neoforge@21.1.228/net.neoforged.neoforge.internal.CommonModLoader.lambda$begin$0(CommonModLoader.java:54) ~[neoforge-21.1.228.jar%23190!/:?]
	at java.base/java.util.concurrent.CompletableFuture$AsyncRun.run(CompletableFuture.java:1804) ~[?:?]
	at java.base/java.util.concurrent.ThreadPoolExecutor.runWorker(ThreadPoolExecutor.java:1144) ~[?:?]
	at java.base/java.util.concurrent.ThreadPoolExecutor$Worker.run(ThreadPoolExecutor.java:642) ~[?:?]
	at java.base/java.lang.Thread.run(Thread.java:1583) [?:?]
[11mai2026 17:33:13.013] [modloading-sync-worker/ERROR] [net.neoforged.fml.javafmlmod.FMLModContainer/]: Exception caught during firing event: Unexpected error while registering entry create:schematicannon to registry minecraft:item
	Index: 0
	Listeners:
		0: com.tterrag.registrate.AbstractRegistrate$$Lambda/0x000001dedae39860@14f1cedc
		1: net.neoforged.neoforge.registries.DeferredRegister$$Lambda/0x000001dedae3b7e8@60b0dfe0
		2: net.neoforged.neoforge.registries.DeferredRegister$$Lambda/0x000001dedae3b7e8@68e19abd
		3: net.neoforged.neoforge.registries.DeferredRegister$$Lambda/0x000001dedae3b7e8@99f358a
		4: net.neoforged.neoforge.registries.DeferredRegister$$Lambda/0x000001dedae3b7e8@2dbeea4f
		5: net.neoforged.neoforge.registries.DeferredRegister$$Lambda/0x000001dedae3b7e8@656a0aaa
		6: net.neoforged.neoforge.registries.DeferredRegister$$Lambda/0x000001dedae3b7e8@3caece50
		7: net.neoforged.neoforge.registries.DeferredRegister$$Lambda/0x000001dedae3b7e8@23822a22
		8: net.neoforged.neoforge.registries.DeferredRegister$$Lambda/0x000001dedae3b7e8@16ea2e3b
		9: net.neoforged.neoforge.registries.DeferredRegister$$Lambda/0x000001dedae3b7e8@53c2840a
		10: net.neoforged.neoforge.registries.DeferredRegister$$Lambda/0x000001dedae3b7e8@724b98df
		11: net.neoforged.neoforge.registries.DeferredRegister$$Lambda/0x000001dedae3b7e8@19c62c7c
		12: net.neoforged.neoforge.registries.DeferredRegister$$Lambda/0x000001dedae3b7e8@70074c62
		13: net.neoforged.neoforge.registries.DeferredRegister$$Lambda/0x000001dedae3b7e8@41eb4778
		14: net.neoforged.neoforge.registries.DeferredRegister$$Lambda/0x000001dedae3b7e8@6b5a04bf
		15: com.simibubi.create.Create$$Lambda/0x000001dedb3e1660@4ed2433e
		16: com.simibubi.create.Create$$Lambda/0x000001dedb3e20d8@4b57f105
		17: net.neoforged.bus.EventListenerFactory$remap/0x000001dedb438400@7dd33837
java.lang.RuntimeException: Unexpected error while registering entry create:schematicannon to registry minecraft:item
	at TRANSFORMER/Registrate.MC1._21._67@1.3.0+67/com.tterrag.registrate.AbstractRegistrate.onRegister(AbstractRegistrate.java:277)
	at MC-BOOTSTRAP/net.neoforged.bus/net.neoforged.bus.ConsumerEventHandler.invoke(ConsumerEventHandler.java:27)
	at MC-BOOTSTRAP/net.neoforged.bus/net.neoforged.bus.EventBus.post(EventBus.java:360)
	at MC-BOOTSTRAP/net.neoforged.bus/net.neoforged.bus.EventBus.post(EventBus.java:342)
	at MC-BOOTSTRAP/fml_loader@4.0.42/net.neoforged.fml.ModContainer.acceptEvent(ModContainer.java:177)
	at MC-BOOTSTRAP/fml_loader@4.0.42/net.neoforged.fml.ModLoader.lambda$postEventWithWrapInModOrder$16(ModLoader.java:379)
	at java.base/java.lang.Iterable.forEach(Iterable.java:75)
	at MC-BOOTSTRAP/fml_loader@4.0.42/net.neoforged.fml.ModList.forEachModInOrder(ModList.java:174)
	at MC-BOOTSTRAP/fml_loader@4.0.42/net.neoforged.fml.ModLoader.postEventWithWrapInModOrder(ModLoader.java:377)
	at MC-BOOTSTRAP/fml_loader@4.0.42/net.neoforged.fml.ModLoader.postEventWrapContainerInModOrder(ModLoader.java:368)
	at TRANSFORMER/neoforge@21.1.228/net.neoforged.neoforge.registries.GameData.postRegisterEvents(GameData.java:92)
	at TRANSFORMER/neoforge@21.1.228/net.neoforged.neoforge.internal.CommonModLoader.lambda$begin$0(CommonModLoader.java:54)
	at java.base/java.util.concurrent.CompletableFuture$AsyncRun.run(CompletableFuture.java:1804)
	at java.base/java.util.concurrent.ThreadPoolExecutor.runWorker(ThreadPoolExecutor.java:1144)
	at java.base/java.util.concurrent.ThreadPoolExecutor$Worker.run(ThreadPoolExecutor.java:642)
	at java.base/java.lang.Thread.run(Thread.java:1583)
Caused by: java.lang.NullPointerException: Trying to access unbound value: ResourceKey[minecraft:block / create:schematicannon]
	at TRANSFORMER/neoforge@21.1.228/net.neoforged.neoforge.registries.DeferredHolder.value(DeferredHolder.java:103)
	at TRANSFORMER/neoforge@21.1.228/net.neoforged.neoforge.registries.DeferredHolder.get(DeferredHolder.java:117)
	at TRANSFORMER/Registrate.MC1._21._67@1.3.0+67/com.tterrag.registrate.builders.Builder.getEntry(Builder.java:88)
	at TRANSFORMER/Registrate.MC1._21._67@1.3.0+67/com.tterrag.registrate.builders.BlockBuilder.lambda$item$8(BlockBuilder.java:210)
	at TRANSFORMER/Registrate.MC1._21._67@1.3.0+67/com.tterrag.registrate.builders.ItemBuilder.createEntry(ItemBuilder.java:344)
	at TRANSFORMER/Registrate.MC1._21._67@1.3.0+67/com.tterrag.registrate.builders.ItemBuilder.createEntry(ItemBuilder.java:50)
	at TRANSFORMER/neoforge@21.1.228/net.neoforged.neoforge.common.util.Lazy.get(Lazy.java:49)
	at TRANSFORMER/Registrate.MC1._21._67@1.3.0+67/com.tterrag.registrate.AbstractRegistrate$Registration.register(AbstractRegistrate.java:140)
	at TRANSFORMER/Registrate.MC1._21._67@1.3.0+67/com.tterrag.registrate.AbstractRegistrate.onRegister(AbstractRegistrate.java:270)
	... 15 more

[11mai2026 17:33:13.014] [modloading-sync-worker/ERROR] [net.neoforged.fml.ModContainer/LOADING]: Caught exception during event net.neoforged.neoforge.registries.RegisterEvent@536190c5 dispatch for modid create
java.lang.RuntimeException: Unexpected error while registering entry create:schematicannon to registry minecraft:item
	at TRANSFORMER/Registrate.MC1._21._67@1.3.0+67/com.tterrag.registrate.AbstractRegistrate.onRegister(AbstractRegistrate.java:277) ~[Registrate-MC1.21-1.3.0+67.jar%23208!/:?]
	at MC-BOOTSTRAP/net.neoforged.bus/net.neoforged.bus.ConsumerEventHandler.invoke(ConsumerEventHandler.java:27) ~[bus-8.0.5.jar%23150!/:?]
	at MC-BOOTSTRAP/net.neoforged.bus/net.neoforged.bus.EventBus.post(EventBus.java:360) ~[bus-8.0.5.jar%23150!/:?]
	at MC-BOOTSTRAP/net.neoforged.bus/net.neoforged.bus.EventBus.post(EventBus.java:342) ~[bus-8.0.5.jar%23150!/:?]
	at MC-BOOTSTRAP/fml_loader@4.0.42/net.neoforged.fml.ModContainer.acceptEvent(ModContainer.java:177) ~[loader-4.0.42.jar%23146!/:4.0]
	at MC-BOOTSTRAP/fml_loader@4.0.42/net.neoforged.fml.ModLoader.lambda$postEventWithWrapInModOrder$16(ModLoader.java:379) ~[loader-4.0.42.jar%23146!/:4.0]
	at java.base/java.lang.Iterable.forEach(Iterable.java:75) ~[?:?]
	at MC-BOOTSTRAP/fml_loader@4.0.42/net.neoforged.fml.ModList.forEachModInOrder(ModList.java:174) ~[loader-4.0.42.jar%23146!/:4.0]
	at MC-BOOTSTRAP/fml_loader@4.0.42/net.neoforged.fml.ModLoader.postEventWithWrapInModOrder(ModLoader.java:377) ~[loader-4.0.42.jar%23146!/:4.0]
	at MC-BOOTSTRAP/fml_loader@4.0.42/net.neoforged.fml.ModLoader.postEventWrapContainerInModOrder(ModLoader.java:368) ~[loader-4.0.42.jar%23146!/:4.0]
	at TRANSFORMER/neoforge@21.1.228/net.neoforged.neoforge.registries.GameData.postRegisterEvents(GameData.java:92) ~[neoforge-21.1.228.jar%23190!/:?]
	at TRANSFORMER/neoforge@21.1.228/net.neoforged.neoforge.internal.CommonModLoader.lambda$begin$0(CommonModLoader.java:54) ~[neoforge-21.1.228.jar%23190!/:?]
	at java.base/java.util.concurrent.CompletableFuture$AsyncRun.run(CompletableFuture.java:1804) ~[?:?]
	at java.base/java.util.concurrent.ThreadPoolExecutor.runWorker(ThreadPoolExecutor.java:1144) ~[?:?]
	at java.base/java.util.concurrent.ThreadPoolExecutor$Worker.run(ThreadPoolExecutor.java:642) ~[?:?]
	at java.base/java.lang.Thread.run(Thread.java:1583) [?:?]
Caused by: java.lang.NullPointerException: Trying to access unbound value: ResourceKey[minecraft:block / create:schematicannon]
	at TRANSFORMER/neoforge@21.1.228/net.neoforged.neoforge.registries.DeferredHolder.value(DeferredHolder.java:103) ~[neoforge-21.1.228.jar%23190!/:?]
	at TRANSFORMER/neoforge@21.1.228/net.neoforged.neoforge.registries.DeferredHolder.get(DeferredHolder.java:117) ~[neoforge-21.1.228.jar%23190!/:?]
	at TRANSFORMER/Registrate.MC1._21._67@1.3.0+67/com.tterrag.registrate.builders.Builder.getEntry(Builder.java:88) ~[Registrate-MC1.21-1.3.0+67.jar%23208!/:?]
	at TRANSFORMER/Registrate.MC1._21._67@1.3.0+67/com.tterrag.registrate.builders.BlockBuilder.lambda$item$8(BlockBuilder.java:210) ~[Registrate-MC1.21-1.3.0+67.jar%23208!/:?]
	at TRANSFORMER/Registrate.MC1._21._67@1.3.0+67/com.tterrag.registrate.builders.ItemBuilder.createEntry(ItemBuilder.java:344) ~[Registrate-MC1.21-1.3.0+67.jar%23208!/:?]
	at TRANSFORMER/Registrate.MC1._21._67@1.3.0+67/com.tterrag.registrate.builders.ItemBuilder.createEntry(ItemBuilder.java:50) ~[Registrate-MC1.21-1.3.0+67.jar%23208!/:?]
	at TRANSFORMER/neoforge@21.1.228/net.neoforged.neoforge.common.util.Lazy.get(Lazy.java:49) ~[neoforge-21.1.228.jar%23190!/:?]
	at TRANSFORMER/Registrate.MC1._21._67@1.3.0+67/com.tterrag.registrate.AbstractRegistrate$Registration.register(AbstractRegistrate.java:140) ~[Registrate-MC1.21-1.3.0+67.jar%23208!/:?]
	at TRANSFORMER/Registrate.MC1._21._67@1.3.0+67/com.tterrag.registrate.AbstractRegistrate.onRegister(AbstractRegistrate.java:270) ~[Registrate-MC1.21-1.3.0+67.jar%23208!/:?]
	... 15 more
[11mai2026 17:33:13.034] [modloading-sync-worker/ERROR] [net.neoforged.fml.javafmlmod.FMLModContainer/]: Exception caught during firing event: Missing intrusive holder for ResourceKey[minecraft:block_entity_type / create_linear_motion_simulated:pneumatic_cylinder]:net.minecraft.world.level.block.entity.BlockEntityType@336556a
	Index: 1
	Listeners:
		0: com.tterrag.registrate.AbstractRegistrate$$Lambda/0x000001dedae39860@72790fae
		1: com.tterrag.registrate.AbstractRegistrate$$Lambda/0x000001dedae39860@e97820c
java.lang.AssertionError: Missing intrusive holder for ResourceKey[minecraft:block_entity_type / create_linear_motion_simulated:pneumatic_cylinder]:net.minecraft.world.level.block.entity.BlockEntityType@336556a
	at TRANSFORMER/minecraft@1.21.1/net.minecraft.core.MappedRegistry.register(MappedRegistry.java:146)
	at TRANSFORMER/minecraft@1.21.1/net.minecraft.core.MappedRegistry.register(MappedRegistry.java:123)
	at TRANSFORMER/minecraft@1.21.1/net.minecraft.core.Registry.register(Registry.java:129)
	at TRANSFORMER/minecraft@1.21.1/net.minecraft.core.Registry.register(Registry.java:125)
	at TRANSFORMER/neoforge@21.1.228/net.neoforged.neoforge.registries.RegisterEvent.lambda$register$0(RegisterEvent.java:62)
	at TRANSFORMER/Registrate.MC1._21._67@1.3.0+67/com.tterrag.registrate.AbstractRegistrate$Registration.lambda$register$0(AbstractRegistrate.java:141)
	at TRANSFORMER/neoforge@21.1.228/net.neoforged.neoforge.registries.RegisterEvent.register(RegisterEvent.java:62)
	at TRANSFORMER/Registrate.MC1._21._67@1.3.0+67/com.tterrag.registrate.AbstractRegistrate$Registration.register(AbstractRegistrate.java:141)
	at TRANSFORMER/Registrate.MC1._21._67@1.3.0+67/com.tterrag.registrate.AbstractRegistrate.onRegister(AbstractRegistrate.java:270)
	at MC-BOOTSTRAP/net.neoforged.bus/net.neoforged.bus.ConsumerEventHandler.invoke(ConsumerEventHandler.java:27)
	at MC-BOOTSTRAP/net.neoforged.bus/net.neoforged.bus.EventBus.post(EventBus.java:360)
	at MC-BOOTSTRAP/net.neoforged.bus/net.neoforged.bus.EventBus.post(EventBus.java:342)
	at MC-BOOTSTRAP/fml_loader@4.0.42/net.neoforged.fml.ModContainer.acceptEvent(ModContainer.java:177)
	at MC-BOOTSTRAP/fml_loader@4.0.42/net.neoforged.fml.ModLoader.lambda$postEventWithWrapInModOrder$16(ModLoader.java:379)
	at java.base/java.lang.Iterable.forEach(Iterable.java:75)
	at MC-BOOTSTRAP/fml_loader@4.0.42/net.neoforged.fml.ModList.forEachModInOrder(ModList.java:174)
	at MC-BOOTSTRAP/fml_loader@4.0.42/net.neoforged.fml.ModLoader.postEventWithWrapInModOrder(ModLoader.java:377)
	at MC-BOOTSTRAP/fml_loader@4.0.42/net.neoforged.fml.ModLoader.postEventWrapContainerInModOrder(ModLoader.java:368)
	at TRANSFORMER/neoforge@21.1.228/net.neoforged.neoforge.registries.GameData.postRegisterEvents(GameData.java:92)
	at TRANSFORMER/neoforge@21.1.228/net.neoforged.neoforge.internal.CommonModLoader.lambda$begin$0(CommonModLoader.java:54)
	at java.base/java.util.concurrent.CompletableFuture$AsyncRun.run(CompletableFuture.java:1804)
	at java.base/java.util.concurrent.ThreadPoolExecutor.runWorker(ThreadPoolExecutor.java:1144)
	at java.base/java.util.concurrent.ThreadPoolExecutor$Worker.run(ThreadPoolExecutor.java:642)
	at java.base/java.lang.Thread.run(Thread.java:1583)

[11mai2026 17:33:13.036] [modloading-sync-worker/ERROR] [net.neoforged.fml.ModContainer/LOADING]: Caught exception during event net.neoforged.neoforge.registries.RegisterEvent@3b60916d dispatch for modid create_linear_motion_simulated
java.lang.AssertionError: Missing intrusive holder for ResourceKey[minecraft:block_entity_type / create_linear_motion_simulated:pneumatic_cylinder]:net.minecraft.world.level.block.entity.BlockEntityType@336556a
	at TRANSFORMER/minecraft@1.21.1/net.minecraft.core.MappedRegistry.register(MappedRegistry.java:146) ~[neoforge-21.1.228.jar%23189!/:?]
	at TRANSFORMER/minecraft@1.21.1/net.minecraft.core.MappedRegistry.register(MappedRegistry.java:123) ~[neoforge-21.1.228.jar%23189!/:?]
	at TRANSFORMER/minecraft@1.21.1/net.minecraft.core.Registry.register(Registry.java:129) ~[neoforge-21.1.228.jar%23189!/:?]
	at TRANSFORMER/minecraft@1.21.1/net.minecraft.core.Registry.register(Registry.java:125) ~[neoforge-21.1.228.jar%23189!/:?]
	at TRANSFORMER/neoforge@21.1.228/net.neoforged.neoforge.registries.RegisterEvent.lambda$register$0(RegisterEvent.java:62) ~[neoforge-21.1.228.jar%23190!/:?]
	at TRANSFORMER/Registrate.MC1._21._67@1.3.0+67/com.tterrag.registrate.AbstractRegistrate$Registration.lambda$register$0(AbstractRegistrate.java:141) ~[Registrate-MC1.21-1.3.0+67.jar%23208!/:?]
	at TRANSFORMER/neoforge@21.1.228/net.neoforged.neoforge.registries.RegisterEvent.register(RegisterEvent.java:62) ~[neoforge-21.1.228.jar%23190!/:?]
	at TRANSFORMER/Registrate.MC1._21._67@1.3.0+67/com.tterrag.registrate.AbstractRegistrate$Registration.register(AbstractRegistrate.java:141) ~[Registrate-MC1.21-1.3.0+67.jar%23208!/:?]
	at TRANSFORMER/Registrate.MC1._21._67@1.3.0+67/com.tterrag.registrate.AbstractRegistrate.onRegister(AbstractRegistrate.java:270) ~[Registrate-MC1.21-1.3.0+67.jar%23208!/:?]
	at MC-BOOTSTRAP/net.neoforged.bus/net.neoforged.bus.ConsumerEventHandler.invoke(ConsumerEventHandler.java:27) ~[bus-8.0.5.jar%23150!/:?]
	at MC-BOOTSTRAP/net.neoforged.bus/net.neoforged.bus.EventBus.post(EventBus.java:360) ~[bus-8.0.5.jar%23150!/:?]
	at MC-BOOTSTRAP/net.neoforged.bus/net.neoforged.bus.EventBus.post(EventBus.java:342) ~[bus-8.0.5.jar%23150!/:?]
	at MC-BOOTSTRAP/fml_loader@4.0.42/net.neoforged.fml.ModContainer.acceptEvent(ModContainer.java:177) ~[loader-4.0.42.jar%23146!/:4.0]
	at MC-BOOTSTRAP/fml_loader@4.0.42/net.neoforged.fml.ModLoader.lambda$postEventWithWrapInModOrder$16(ModLoader.java:379) ~[loader-4.0.42.jar%23146!/:4.0]
	at java.base/java.lang.Iterable.forEach(Iterable.java:75) ~[?:?]
	at MC-BOOTSTRAP/fml_loader@4.0.42/net.neoforged.fml.ModList.forEachModInOrder(ModList.java:174) ~[loader-4.0.42.jar%23146!/:4.0]
	at MC-BOOTSTRAP/fml_loader@4.0.42/net.neoforged.fml.ModLoader.postEventWithWrapInModOrder(ModLoader.java:377) ~[loader-4.0.42.jar%23146!/:4.0]
	at MC-BOOTSTRAP/fml_loader@4.0.42/net.neoforged.fml.ModLoader.postEventWrapContainerInModOrder(ModLoader.java:368) ~[loader-4.0.42.jar%23146!/:4.0]
	at TRANSFORMER/neoforge@21.1.228/net.neoforged.neoforge.registries.GameData.postRegisterEvents(GameData.java:92) ~[neoforge-21.1.228.jar%23190!/:?]
	at TRANSFORMER/neoforge@21.1.228/net.neoforged.neoforge.internal.CommonModLoader.lambda$begin$0(CommonModLoader.java:54) ~[neoforge-21.1.228.jar%23190!/:?]
	at java.base/java.util.concurrent.CompletableFuture$AsyncRun.run(CompletableFuture.java:1804) ~[?:?]
	at java.base/java.util.concurrent.ThreadPoolExecutor.runWorker(ThreadPoolExecutor.java:1144) ~[?:?]
	at java.base/java.util.concurrent.ThreadPoolExecutor$Worker.run(ThreadPoolExecutor.java:642) ~[?:?]
	at java.base/java.lang.Thread.run(Thread.java:1583) [?:?]
[11mai2026 17:33:13.133] [modloading-sync-worker/ERROR] [net.neoforged.fml.javafmlmod.FMLModContainer/]: Exception caught during firing event: null
	Index: 15
	Listeners:
		0: com.tterrag.registrate.AbstractRegistrate$$Lambda/0x000001dedae39860@14f1cedc
		1: net.neoforged.neoforge.registries.DeferredRegister$$Lambda/0x000001dedae3b7e8@60b0dfe0
		2: net.neoforged.neoforge.registries.DeferredRegister$$Lambda/0x000001dedae3b7e8@68e19abd
		3: net.neoforged.neoforge.registries.DeferredRegister$$Lambda/0x000001dedae3b7e8@99f358a
		4: net.neoforged.neoforge.registries.DeferredRegister$$Lambda/0x000001dedae3b7e8@2dbeea4f
		5: net.neoforged.neoforge.registries.DeferredRegister$$Lambda/0x000001dedae3b7e8@656a0aaa
		6: net.neoforged.neoforge.registries.DeferredRegister$$Lambda/0x000001dedae3b7e8@3caece50
		7: net.neoforged.neoforge.registries.DeferredRegister$$Lambda/0x000001dedae3b7e8@23822a22
		8: net.neoforged.neoforge.registries.DeferredRegister$$Lambda/0x000001dedae3b7e8@16ea2e3b
		9: net.neoforged.neoforge.registries.DeferredRegister$$Lambda/0x000001dedae3b7e8@53c2840a
		10: net.neoforged.neoforge.registries.DeferredRegister$$Lambda/0x000001dedae3b7e8@724b98df
		11: net.neoforged.neoforge.registries.DeferredRegister$$Lambda/0x000001dedae3b7e8@19c62c7c
		12: net.neoforged.neoforge.registries.DeferredRegister$$Lambda/0x000001dedae3b7e8@70074c62
		13: net.neoforged.neoforge.registries.DeferredRegister$$Lambda/0x000001dedae3b7e8@41eb4778
		14: net.neoforged.neoforge.registries.DeferredRegister$$Lambda/0x000001dedae3b7e8@6b5a04bf
		15: com.simibubi.create.Create$$Lambda/0x000001dedb3e1660@4ed2433e
		16: com.simibubi.create.Create$$Lambda/0x000001dedb3e20d8@4b57f105
		17: net.neoforged.bus.EventListenerFactory$remap/0x000001dedb438400@7dd33837
java.lang.ExceptionInInitializerError
	at TRANSFORMER/create@6.0.10/com.simibubi.create.Create.onRegister(Create.java:200)
	at MC-BOOTSTRAP/net.neoforged.bus/net.neoforged.bus.ConsumerEventHandler.invoke(ConsumerEventHandler.java:27)
	at MC-BOOTSTRAP/net.neoforged.bus/net.neoforged.bus.EventBus.post(EventBus.java:360)
	at MC-BOOTSTRAP/net.neoforged.bus/net.neoforged.bus.EventBus.post(EventBus.java:342)
	at MC-BOOTSTRAP/fml_loader@4.0.42/net.neoforged.fml.ModContainer.acceptEvent(ModContainer.java:177)
	at MC-BOOTSTRAP/fml_loader@4.0.42/net.neoforged.fml.ModLoader.lambda$postEventWithWrapInModOrder$16(ModLoader.java:379)
	at java.base/java.lang.Iterable.forEach(Iterable.java:75)
	at MC-BOOTSTRAP/fml_loader@4.0.42/net.neoforged.fml.ModList.forEachModInOrder(ModList.java:174)
	at MC-BOOTSTRAP/fml_loader@4.0.42/net.neoforged.fml.ModLoader.postEventWithWrapInModOrder(ModLoader.java:377)
	at MC-BOOTSTRAP/fml_loader@4.0.42/net.neoforged.fml.ModLoader.postEventWrapContainerInModOrder(ModLoader.java:368)
	at TRANSFORMER/neoforge@21.1.228/net.neoforged.neoforge.registries.GameData.postRegisterEvents(GameData.java:92)
	at TRANSFORMER/neoforge@21.1.228/net.neoforged.neoforge.internal.CommonModLoader.lambda$begin$0(CommonModLoader.java:54)
	at java.base/java.util.concurrent.CompletableFuture$AsyncRun.run(CompletableFuture.java:1804)
	at java.base/java.util.concurrent.ThreadPoolExecutor.runWorker(ThreadPoolExecutor.java:1144)
	at java.base/java.util.concurrent.ThreadPoolExecutor$Worker.run(ThreadPoolExecutor.java:642)
	at java.base/java.lang.Thread.run(Thread.java:1583)
Caused by: java.lang.NullPointerException: Trying to access unbound value: ResourceKey[minecraft:item / create:brass_hand]
	at TRANSFORMER/neoforge@21.1.228/net.neoforged.neoforge.registries.DeferredHolder.value(DeferredHolder.java:103)
	at TRANSFORMER/neoforge@21.1.228/net.neoforged.neoforge.registries.DeferredHolder.get(DeferredHolder.java:117)
	at TRANSFORMER/Registrate.MC1._21._67@1.3.0+67/com.tterrag.registrate.util.entry.ItemProviderEntry.asItem(ItemProviderEntry.java:34)
	at TRANSFORMER/minecraft@1.21.1/net.minecraft.world.item.ItemStack.<init>(ItemStack.java:261)
	at TRANSFORMER/minecraft@1.21.1/net.minecraft.world.item.ItemStack.<init>(ItemStack.java:245)
	at TRANSFORMER/Registrate.MC1._21._67@1.3.0+67/com.tterrag.registrate.util.entry.ItemProviderEntry.asStack(ItemProviderEntry.java:17)
	at TRANSFORMER/create@6.0.10/com.simibubi.create.foundation.advancement.CreateAdvancement$Builder.icon(CreateAdvancement.java:156)
	at TRANSFORMER/create@6.0.10/com.simibubi.create.foundation.advancement.AllAdvancements.lambda$static$0(AllAdvancements.java:55)
	at TRANSFORMER/create@6.0.10/com.simibubi.create.foundation.advancement.CreateAdvancement.<init>(CreateAdvancement.java:50)
	at TRANSFORMER/create@6.0.10/com.simibubi.create.foundation.advancement.AllAdvancements.create(AllAdvancements.java:686)
	at TRANSFORMER/create@6.0.10/com.simibubi.create.foundation.advancement.AllAdvancements.<clinit>(AllAdvancements.java:55)
	... 16 more

[11mai2026 17:33:13.134] [modloading-sync-worker/ERROR] [net.neoforged.fml.ModContainer/LOADING]: Caught exception during event net.neoforged.neoforge.registries.RegisterEvent@750a63ce dispatch for modid create
java.lang.ExceptionInInitializerError: null
	at TRANSFORMER/create@6.0.10/com.simibubi.create.Create.onRegister(Create.java:200) ~[create-1.21.1-6.0.10-280-slim.jar%23196!/:?]
	at MC-BOOTSTRAP/net.neoforged.bus/net.neoforged.bus.ConsumerEventHandler.invoke(ConsumerEventHandler.java:27) ~[bus-8.0.5.jar%23150!/:?]
	at MC-BOOTSTRAP/net.neoforged.bus/net.neoforged.bus.EventBus.post(EventBus.java:360) ~[bus-8.0.5.jar%23150!/:?]
	at MC-BOOTSTRAP/net.neoforged.bus/net.neoforged.bus.EventBus.post(EventBus.java:342) ~[bus-8.0.5.jar%23150!/:?]
	at MC-BOOTSTRAP/fml_loader@4.0.42/net.neoforged.fml.ModContainer.acceptEvent(ModContainer.java:177) ~[loader-4.0.42.jar%23146!/:4.0]
	at MC-BOOTSTRAP/fml_loader@4.0.42/net.neoforged.fml.ModLoader.lambda$postEventWithWrapInModOrder$16(ModLoader.java:379) ~[loader-4.0.42.jar%23146!/:4.0]
	at java.base/java.lang.Iterable.forEach(Iterable.java:75) ~[?:?]
	at MC-BOOTSTRAP/fml_loader@4.0.42/net.neoforged.fml.ModList.forEachModInOrder(ModList.java:174) ~[loader-4.0.42.jar%23146!/:4.0]
	at MC-BOOTSTRAP/fml_loader@4.0.42/net.neoforged.fml.ModLoader.postEventWithWrapInModOrder(ModLoader.java:377) ~[loader-4.0.42.jar%23146!/:4.0]
	at MC-BOOTSTRAP/fml_loader@4.0.42/net.neoforged.fml.ModLoader.postEventWrapContainerInModOrder(ModLoader.java:368) ~[loader-4.0.42.jar%23146!/:4.0]
	at TRANSFORMER/neoforge@21.1.228/net.neoforged.neoforge.registries.GameData.postRegisterEvents(GameData.java:92) ~[neoforge-21.1.228.jar%23190!/:?]
	at TRANSFORMER/neoforge@21.1.228/net.neoforged.neoforge.internal.CommonModLoader.lambda$begin$0(CommonModLoader.java:54) ~[neoforge-21.1.228.jar%23190!/:?]
	at java.base/java.util.concurrent.CompletableFuture$AsyncRun.run(CompletableFuture.java:1804) ~[?:?]
	at java.base/java.util.concurrent.ThreadPoolExecutor.runWorker(ThreadPoolExecutor.java:1144) ~[?:?]
	at java.base/java.util.concurrent.ThreadPoolExecutor$Worker.run(ThreadPoolExecutor.java:642) ~[?:?]
	at java.base/java.lang.Thread.run(Thread.java:1583) [?:?]
Caused by: java.lang.NullPointerException: Trying to access unbound value: ResourceKey[minecraft:item / create:brass_hand]
	at TRANSFORMER/neoforge@21.1.228/net.neoforged.neoforge.registries.DeferredHolder.value(DeferredHolder.java:103) ~[neoforge-21.1.228.jar%23190!/:?]
	at TRANSFORMER/neoforge@21.1.228/net.neoforged.neoforge.registries.DeferredHolder.get(DeferredHolder.java:117) ~[neoforge-21.1.228.jar%23190!/:?]
	at TRANSFORMER/Registrate.MC1._21._67@1.3.0+67/com.tterrag.registrate.util.entry.ItemProviderEntry.asItem(ItemProviderEntry.java:34) ~[Registrate-MC1.21-1.3.0+67.jar%23208!/:?]
	at TRANSFORMER/minecraft@1.21.1/net.minecraft.world.item.ItemStack.<init>(ItemStack.java:261) ~[neoforge-21.1.228.jar%23189!/:?]
	at TRANSFORMER/minecraft@1.21.1/net.minecraft.world.item.ItemStack.<init>(ItemStack.java:245) ~[neoforge-21.1.228.jar%23189!/:?]
	at TRANSFORMER/Registrate.MC1._21._67@1.3.0+67/com.tterrag.registrate.util.entry.ItemProviderEntry.asStack(ItemProviderEntry.java:17) ~[Registrate-MC1.21-1.3.0+67.jar%23208!/:?]
	at TRANSFORMER/create@6.0.10/com.simibubi.create.foundation.advancement.CreateAdvancement$Builder.icon(CreateAdvancement.java:156) ~[create-1.21.1-6.0.10-280-slim.jar%23196!/:?]
	at TRANSFORMER/create@6.0.10/com.simibubi.create.foundation.advancement.AllAdvancements.lambda$static$0(AllAdvancements.java:55) ~[?:?]
	at TRANSFORMER/create@6.0.10/com.simibubi.create.foundation.advancement.CreateAdvancement.<init>(CreateAdvancement.java:50) ~[create-1.21.1-6.0.10-280-slim.jar%23196!/:?]
	at TRANSFORMER/create@6.0.10/com.simibubi.create.foundation.advancement.AllAdvancements.create(AllAdvancements.java:686) ~[?:?]
	at TRANSFORMER/create@6.0.10/com.simibubi.create.foundation.advancement.AllAdvancements.<clinit>(AllAdvancements.java:55) ~[?:?]
	... 16 more
[11mai2026 17:33:13.214] [modloading-sync-worker/ERROR] [net.neoforged.neoforge.registries.GameData/]: Failed to register some entries, see suppressed exceptions for details
java.lang.RuntimeException: null
	at TRANSFORMER/neoforge@21.1.228/net.neoforged.neoforge.registries.GameData.postRegisterEvents(GameData.java:83) ~[neoforge-21.1.228.jar%23190!/:?]
	at TRANSFORMER/neoforge@21.1.228/net.neoforged.neoforge.internal.CommonModLoader.lambda$begin$0(CommonModLoader.java:54) ~[neoforge-21.1.228.jar%23190!/:?]
	at java.base/java.util.concurrent.CompletableFuture$AsyncRun.run(CompletableFuture.java:1804) ~[?:?]
	at java.base/java.util.concurrent.ThreadPoolExecutor.runWorker(ThreadPoolExecutor.java:1144) ~[?:?]
	at java.base/java.util.concurrent.ThreadPoolExecutor$Worker.run(ThreadPoolExecutor.java:642) ~[?:?]
	at java.base/java.lang.Thread.run(Thread.java:1583) [?:?]
	Suppressed: net.neoforged.fml.ModLoadingException: Loading errors encountered:
	- Create : Linear Motion Simulated (create_linear_motion_simulated) encountered an error while dispatching the net.neoforged.neoforge.registries.RegisterEvent event
	  java.lang.AssertionError: Missing intrusive holder for ResourceKey[minecraft:block / create_linear_motion_simulated:pneumatic_cylinder]:Block{create_linear_motion_simulated:pneumatic_cylinder}

		at MC-BOOTSTRAP/fml_loader@4.0.42/net.neoforged.fml.ModContainer.acceptEvent(ModContainer.java:181) ~[loader-4.0.42.jar%23146!/:4.0]
		at MC-BOOTSTRAP/fml_loader@4.0.42/net.neoforged.fml.ModLoader.lambda$postEventWithWrapInModOrder$16(ModLoader.java:379) ~[loader-4.0.42.jar%23146!/:4.0]
		at java.base/java.lang.Iterable.forEach(Iterable.java:75) ~[?:?]
		at MC-BOOTSTRAP/fml_loader@4.0.42/net.neoforged.fml.ModList.forEachModInOrder(ModList.java:174) ~[loader-4.0.42.jar%23146!/:4.0]
		at MC-BOOTSTRAP/fml_loader@4.0.42/net.neoforged.fml.ModLoader.postEventWithWrapInModOrder(ModLoader.java:377) ~[loader-4.0.42.jar%23146!/:4.0]
		at MC-BOOTSTRAP/fml_loader@4.0.42/net.neoforged.fml.ModLoader.postEventWrapContainerInModOrder(ModLoader.java:368) ~[loader-4.0.42.jar%23146!/:4.0]
		at TRANSFORMER/neoforge@21.1.228/net.neoforged.neoforge.registries.GameData.postRegisterEvents(GameData.java:92) ~[neoforge-21.1.228.jar%23190!/:?]
		at TRANSFORMER/neoforge@21.1.228/net.neoforged.neoforge.internal.CommonModLoader.lambda$begin$0(CommonModLoader.java:54) ~[neoforge-21.1.228.jar%23190!/:?]
		at java.base/java.util.concurrent.CompletableFuture$AsyncRun.run(CompletableFuture.java:1804) ~[?:?]
		at java.base/java.util.concurrent.ThreadPoolExecutor.runWorker(ThreadPoolExecutor.java:1144) ~[?:?]
		at java.base/java.util.concurrent.ThreadPoolExecutor$Worker.run(ThreadPoolExecutor.java:642) ~[?:?]
		at java.base/java.lang.Thread.run(Thread.java:1583) [?:?]
	Suppressed: net.neoforged.fml.ModLoadingException: Loading errors encountered:
	- Create (create) encountered an error while dispatching the net.neoforged.neoforge.registries.RegisterEvent event
	  java.lang.RuntimeException: Unexpected error while registering entry create:schematicannon to registry minecraft:item

		at MC-BOOTSTRAP/fml_loader@4.0.42/net.neoforged.fml.ModContainer.acceptEvent(ModContainer.java:181) ~[loader-4.0.42.jar%23146!/:4.0]
		at MC-BOOTSTRAP/fml_loader@4.0.42/net.neoforged.fml.ModLoader.lambda$postEventWithWrapInModOrder$16(ModLoader.java:379) ~[loader-4.0.42.jar%23146!/:4.0]
		at java.base/java.lang.Iterable.forEach(Iterable.java:75) ~[?:?]
		at MC-BOOTSTRAP/fml_loader@4.0.42/net.neoforged.fml.ModList.forEachModInOrder(ModList.java:174) ~[loader-4.0.42.jar%23146!/:4.0]
		at MC-BOOTSTRAP/fml_loader@4.0.42/net.neoforged.fml.ModLoader.postEventWithWrapInModOrder(ModLoader.java:377) ~[loader-4.0.42.jar%23146!/:4.0]
		at MC-BOOTSTRAP/fml_loader@4.0.42/net.neoforged.fml.ModLoader.postEventWrapContainerInModOrder(ModLoader.java:368) ~[loader-4.0.42.jar%23146!/:4.0]
		at TRANSFORMER/neoforge@21.1.228/net.neoforged.neoforge.registries.GameData.postRegisterEvents(GameData.java:92) ~[neoforge-21.1.228.jar%23190!/:?]
		at TRANSFORMER/neoforge@21.1.228/net.neoforged.neoforge.internal.CommonModLoader.lambda$begin$0(CommonModLoader.java:54) ~[neoforge-21.1.228.jar%23190!/:?]
		at java.base/java.util.concurrent.CompletableFuture$AsyncRun.run(CompletableFuture.java:1804) ~[?:?]
		at java.base/java.util.concurrent.ThreadPoolExecutor.runWorker(ThreadPoolExecutor.java:1144) ~[?:?]
		at java.base/java.util.concurrent.ThreadPoolExecutor$Worker.run(ThreadPoolExecutor.java:642) ~[?:?]
		at java.base/java.lang.Thread.run(Thread.java:1583) [?:?]
	Suppressed: net.neoforged.fml.ModLoadingException: Loading errors encountered:
	- Create : Linear Motion Simulated (create_linear_motion_simulated) encountered an error while dispatching the net.neoforged.neoforge.registries.RegisterEvent event
	  java.lang.AssertionError: Missing intrusive holder for ResourceKey[minecraft:block_entity_type / create_linear_motion_simulated:pneumatic_cylinder]:net.minecraft.world.level.block.entity.BlockEntityType@336556a

		at MC-BOOTSTRAP/fml_loader@4.0.42/net.neoforged.fml.ModContainer.acceptEvent(ModContainer.java:181) ~[loader-4.0.42.jar%23146!/:4.0]
		at MC-BOOTSTRAP/fml_loader@4.0.42/net.neoforged.fml.ModLoader.lambda$postEventWithWrapInModOrder$16(ModLoader.java:379) ~[loader-4.0.42.jar%23146!/:4.0]
		at java.base/java.lang.Iterable.forEach(Iterable.java:75) ~[?:?]
		at MC-BOOTSTRAP/fml_loader@4.0.42/net.neoforged.fml.ModList.forEachModInOrder(ModList.java:174) ~[loader-4.0.42.jar%23146!/:4.0]
		at MC-BOOTSTRAP/fml_loader@4.0.42/net.neoforged.fml.ModLoader.postEventWithWrapInModOrder(ModLoader.java:377) ~[loader-4.0.42.jar%23146!/:4.0]
		at MC-BOOTSTRAP/fml_loader@4.0.42/net.neoforged.fml.ModLoader.postEventWrapContainerInModOrder(ModLoader.java:368) ~[loader-4.0.42.jar%23146!/:4.0]
		at TRANSFORMER/neoforge@21.1.228/net.neoforged.neoforge.registries.GameData.postRegisterEvents(GameData.java:92) ~[neoforge-21.1.228.jar%23190!/:?]
		at TRANSFORMER/neoforge@21.1.228/net.neoforged.neoforge.internal.CommonModLoader.lambda$begin$0(CommonModLoader.java:54) ~[neoforge-21.1.228.jar%23190!/:?]
		at java.base/java.util.concurrent.CompletableFuture$AsyncRun.run(CompletableFuture.java:1804) ~[?:?]
		at java.base/java.util.concurrent.ThreadPoolExecutor.runWorker(ThreadPoolExecutor.java:1144) ~[?:?]
		at java.base/java.util.concurrent.ThreadPoolExecutor$Worker.run(ThreadPoolExecutor.java:642) ~[?:?]
		at java.base/java.lang.Thread.run(Thread.java:1583) [?:?]
	Suppressed: net.neoforged.fml.ModLoadingException: Loading errors encountered:
	- Create (create) encountered an error while dispatching the net.neoforged.neoforge.registries.RegisterEvent event
	  java.lang.ExceptionInInitializerError: null

		at MC-BOOTSTRAP/fml_loader@4.0.42/net.neoforged.fml.ModContainer.acceptEvent(ModContainer.java:181) ~[loader-4.0.42.jar%23146!/:4.0]
		at MC-BOOTSTRAP/fml_loader@4.0.42/net.neoforged.fml.ModLoader.lambda$postEventWithWrapInModOrder$16(ModLoader.java:379) ~[loader-4.0.42.jar%23146!/:4.0]
		at java.base/java.lang.Iterable.forEach(Iterable.java:75) ~[?:?]
		at MC-BOOTSTRAP/fml_loader@4.0.42/net.neoforged.fml.ModList.forEachModInOrder(ModList.java:174) ~[loader-4.0.42.jar%23146!/:4.0]
		at MC-BOOTSTRAP/fml_loader@4.0.42/net.neoforged.fml.ModLoader.postEventWithWrapInModOrder(ModLoader.java:377) ~[loader-4.0.42.jar%23146!/:4.0]
		at MC-BOOTSTRAP/fml_loader@4.0.42/net.neoforged.fml.ModLoader.postEventWrapContainerInModOrder(ModLoader.java:368) ~[loader-4.0.42.jar%23146!/:4.0]
		at TRANSFORMER/neoforge@21.1.228/net.neoforged.neoforge.registries.GameData.postRegisterEvents(GameData.java:92) ~[neoforge-21.1.228.jar%23190!/:?]
		at TRANSFORMER/neoforge@21.1.228/net.neoforged.neoforge.internal.CommonModLoader.lambda$begin$0(CommonModLoader.java:54) ~[neoforge-21.1.228.jar%23190!/:?]
		at java.base/java.util.concurrent.CompletableFuture$AsyncRun.run(CompletableFuture.java:1804) ~[?:?]
		at java.base/java.util.concurrent.ThreadPoolExecutor.runWorker(ThreadPoolExecutor.java:1144) ~[?:?]
		at java.base/java.util.concurrent.ThreadPoolExecutor$Worker.run(ThreadPoolExecutor.java:642) ~[?:?]
		at java.base/java.lang.Thread.run(Thread.java:1583) [?:?]
[11mai2026 17:33:13.221] [modloading-sync-worker/ERROR] [net.neoforged.neoforge.registries.GameData/]: Rolling back to VANILLA state
[11mai2026 17:33:13.653] [Render thread/FATAL] [net.neoforged.fml.ModLoader/LOADING]: Failed to wait for future Registry initialization, 4 errors found
[11mai2026 17:33:14.103] [Render thread/ERROR] [net.neoforged.fml.ModLoader/]: Cowardly refusing to send event net.neoforged.neoforge.client.event.sound.SoundEngineLoadEvent to a broken mod state
[11mai2026 17:33:14.133] [Render thread/INFO] [Veil/]: GL Debug supported
[11mai2026 17:33:14.152] [Render thread/ERROR] [net.neoforged.fml.ModLoader/]: Cowardly refusing to send event net.neoforged.neoforge.client.event.RegisterColorHandlersEvent$Block to a broken mod state
[11mai2026 17:33:14.154] [Render thread/ERROR] [net.neoforged.fml.ModLoader/]: Cowardly refusing to send event net.neoforged.neoforge.client.event.RegisterColorHandlersEvent$Item to a broken mod state
[11mai2026 17:33:14.163] [Render thread/ERROR] [net.neoforged.fml.ModLoader/]: Cowardly refusing to send event net.neoforged.neoforge.client.event.RegisterMaterialAtlasesEvent to a broken mod state
[11mai2026 17:33:14.188] [Render thread/ERROR] [net.neoforged.fml.ModLoader/]: Cowardly refusing to send event foundry.veil.forge.event.ForgeVeilRegisterBlockLayersEvent to a broken mod state
[11mai2026 17:33:14.209] [Render thread/ERROR] [net.neoforged.fml.ModLoader/]: Cowardly refusing to send event net.neoforged.neoforge.client.event.RegisterRenderBuffersEvent to a broken mod state
[11mai2026 17:33:14.295] [Render thread/ERROR] [net.neoforged.fml.ModLoader/]: Cowardly refusing to send event net.neoforged.neoforge.client.event.RegisterParticleProvidersEvent to a broken mod state
[11mai2026 17:33:14.334] [Render thread/ERROR] [net.neoforged.fml.ModLoader/]: Cowardly refusing to send event net.neoforged.neoforge.client.event.RenderLevelStageEvent$RegisterStageEvent to a broken mod state
[11mai2026 17:33:14.414] [Render thread/ERROR] [net.neoforged.fml.ModLoader/]: Cowardly refusing to send event net.neoforged.neoforge.client.extensions.common.RegisterClientExtensionsEvent to a broken mod state
[11mai2026 17:33:14.415] [Render thread/ERROR] [net.neoforged.fml.ModLoader/]: Cowardly refusing to send event net.neoforged.neoforge.client.event.RegisterSpriteSourceTypesEvent to a broken mod state
[11mai2026 17:33:14.437] [Render thread/ERROR] [net.neoforged.fml.ModLoader/]: Cowardly refusing to send event net.neoforged.neoforge.client.event.RegisterMenuScreensEvent to a broken mod state
[11mai2026 17:33:14.437] [Render thread/ERROR] [net.neoforged.fml.ModLoader/]: Cowardly refusing to send event net.neoforged.neoforge.client.event.RegisterClientReloadListenersEvent to a broken mod state
[11mai2026 17:33:14.437] [Render thread/ERROR] [net.neoforged.fml.ModLoader/]: Cowardly refusing to send event net.neoforged.neoforge.client.event.EntityRenderersEvent$RegisterLayerDefinitions to a broken mod state
[11mai2026 17:33:14.437] [Render thread/ERROR] [net.neoforged.fml.ModLoader/]: Cowardly refusing to send event net.neoforged.neoforge.client.event.EntityRenderersEvent$RegisterRenderers to a broken mod state
[11mai2026 17:33:14.437] [Render thread/ERROR] [net.neoforged.fml.ModLoader/]: Cowardly refusing to send event net.neoforged.neoforge.client.event.RegisterClientTooltipComponentFactoriesEvent to a broken mod state
[11mai2026 17:33:14.438] [Render thread/ERROR] [net.neoforged.fml.ModLoader/]: Cowardly refusing to send event net.neoforged.neoforge.client.event.RegisterEntitySpectatorShadersEvent to a broken mod state
[11mai2026 17:33:14.438] [Render thread/ERROR] [net.neoforged.fml.ModLoader/]: Cowardly refusing to send event net.neoforged.neoforge.client.event.RegisterKeyMappingsEvent to a broken mod state
[11mai2026 17:33:14.439] [Render thread/ERROR] [net.neoforged.fml.ModLoader/]: Cowardly refusing to send event net.neoforged.neoforge.client.event.RegisterRecipeBookCategoriesEvent to a broken mod state
[11mai2026 17:33:14.440] [Render thread/ERROR] [net.neoforged.fml.ModLoader/]: Cowardly refusing to send event net.neoforged.neoforge.client.event.RegisterGuiLayersEvent to a broken mod state
[11mai2026 17:33:14.442] [Render thread/ERROR] [net.neoforged.fml.ModLoader/]: Cowardly refusing to send event net.neoforged.neoforge.client.event.RegisterDimensionSpecialEffectsEvent to a broken mod state
[11mai2026 17:33:14.443] [Render thread/ERROR] [net.neoforged.fml.ModLoader/]: Cowardly refusing to send event net.neoforged.neoforge.client.event.RegisterNamedRenderTypesEvent to a broken mod state
[11mai2026 17:33:14.444] [Render thread/ERROR] [net.neoforged.fml.ModLoader/]: Cowardly refusing to send event net.neoforged.neoforge.client.event.RegisterColorHandlersEvent$ColorResolvers to a broken mod state
[11mai2026 17:33:14.444] [Render thread/ERROR] [net.neoforged.fml.ModLoader/]: Cowardly refusing to send event net.neoforged.neoforge.client.event.RegisterItemDecorationsEvent to a broken mod state
[11mai2026 17:33:14.458] [Render thread/ERROR] [net.neoforged.fml.ModLoader/]: Cowardly refusing to send event net.neoforged.neoforge.client.event.RegisterPresetEditorsEvent to a broken mod state
[11mai2026 17:33:14.459] [Render thread/ERROR] [net.neoforged.fml.ModLoader/]: Cowardly refusing to send event net.neoforged.neoforge.client.gui.map.RegisterMapDecorationRenderersEvent to a broken mod state
[11mai2026 17:33:14.460] [Render thread/ERROR] [net.neoforged.fml.ModLoader/]: Cowardly refusing to send event net.neoforged.neoforge.client.event.RegisterDimensionTransitionScreenEvent to a broken mod state
[11mai2026 17:33:14.471] [Render thread/ERROR] [net.neoforged.fml.ModLoader/]: Cowardly refusing to send event net.neoforged.neoforge.client.event.RegisterJsonAnimationTypesEvent to a broken mod state
[11mai2026 17:33:14.552] [Render thread/INFO] [net.minecraft.server.packs.resources.ReloadableResourceManager/]: Reloading ResourceManager: vanilla
[11mai2026 17:33:14.589] [Render thread/ERROR] [net.neoforged.fml.ModLoader/]: Cowardly refusing to send event net.neoforged.neoforge.client.event.ModelEvent$RegisterGeometryLoaders to a broken mod state
[11mai2026 17:33:14.696] [Worker-Main-13/INFO] [net.minecraft.client.gui.font.providers.UnihexProvider/]: Found unifont_all_no_pua-15.1.05.hex, loading
[11mai2026 17:33:14.746] [Worker-Main-10/INFO] [net.minecraft.client.gui.font.providers.UnihexProvider/]: Found unifont_jp_patch-15.1.05.hex, loading
[11mai2026 17:33:15.349] [Worker-Main-11/ERROR] [net.neoforged.fml.ModLoader/]: Cowardly refusing to send event net.neoforged.neoforge.client.event.ModelEvent$RegisterAdditional to a broken mod state
[11mai2026 17:33:15.856] [Worker-Main-11/ERROR] [net.neoforged.fml.ModLoader/]: Cowardly refusing to send event net.neoforged.neoforge.client.event.ModelEvent$ModifyBakingResult to a broken mod state
[11mai2026 17:33:15.947] [Render thread/WARN] [net.minecraft.client.sounds.SoundEngine/]: Missing sound for event: minecraft:entity.goat.screaming.horn_break
[11mai2026 17:33:15.948] [Render thread/WARN] [net.minecraft.client.sounds.SoundEngine/]: Missing sound for event: minecraft:item.goat_horn.play
[11mai2026 17:33:16.010] [Render thread/INFO] [com.mojang.blaze3d.audio.Library/]: OpenAL initialized on device OpenAL Soft on Haut-parleurs (Logitech G635/G633s Gaming Headset)
[11mai2026 17:33:16.011] [Render thread/INFO] [net.minecraft.client.sounds.SoundEngine/SOUNDS]: Sound engine started
[11mai2026 17:33:16.011] [Render thread/ERROR] [net.neoforged.fml.ModLoader/]: Cowardly refusing to send event net.neoforged.neoforge.client.event.sound.SoundEngineLoadEvent to a broken mod state
[11mai2026 17:33:16.116] [Render thread/INFO] [net.minecraft.client.renderer.texture.TextureAtlas/]: Created: 1024x512x4 minecraft:textures/atlas/blocks.png-atlas
[11mai2026 17:33:16.128] [Render thread/ERROR] [net.neoforged.fml.ModLoader/]: Cowardly refusing to send event net.neoforged.neoforge.client.event.TextureAtlasStitchedEvent to a broken mod state
[11mai2026 17:33:16.128] [Render thread/INFO] [net.minecraft.client.renderer.texture.TextureAtlas/]: Created: 256x256x4 minecraft:textures/atlas/signs.png-atlas
[11mai2026 17:33:16.129] [Render thread/ERROR] [net.neoforged.fml.ModLoader/]: Cowardly refusing to send event net.neoforged.neoforge.client.event.TextureAtlasStitchedEvent to a broken mod state
[11mai2026 17:33:16.129] [Render thread/INFO] [net.minecraft.client.renderer.texture.TextureAtlas/]: Created: 512x512x4 minecraft:textures/atlas/shield_patterns.png-atlas
[11mai2026 17:33:16.129] [Render thread/ERROR] [net.neoforged.fml.ModLoader/]: Cowardly refusing to send event net.neoforged.neoforge.client.event.TextureAtlasStitchedEvent to a broken mod state
[11mai2026 17:33:16.129] [Render thread/INFO] [net.minecraft.client.renderer.texture.TextureAtlas/]: Created: 512x512x4 minecraft:textures/atlas/banner_patterns.png-atlas
[11mai2026 17:33:16.129] [Render thread/ERROR] [net.neoforged.fml.ModLoader/]: Cowardly refusing to send event net.neoforged.neoforge.client.event.TextureAtlasStitchedEvent to a broken mod state
[11mai2026 17:33:16.129] [Render thread/INFO] [net.minecraft.client.renderer.texture.TextureAtlas/]: Created: 1024x1024x4 minecraft:textures/atlas/armor_trims.png-atlas
[11mai2026 17:33:16.132] [Render thread/ERROR] [net.neoforged.fml.ModLoader/]: Cowardly refusing to send event net.neoforged.neoforge.client.event.TextureAtlasStitchedEvent to a broken mod state
[11mai2026 17:33:16.132] [Render thread/INFO] [net.minecraft.client.renderer.texture.TextureAtlas/]: Created: 128x64x4 minecraft:textures/atlas/decorated_pot.png-atlas
[11mai2026 17:33:16.132] [Render thread/ERROR] [net.neoforged.fml.ModLoader/]: Cowardly refusing to send event net.neoforged.neoforge.client.event.TextureAtlasStitchedEvent to a broken mod state
[11mai2026 17:33:16.132] [Render thread/INFO] [net.minecraft.client.renderer.texture.TextureAtlas/]: Created: 256x256x4 minecraft:textures/atlas/chest.png-atlas
[11mai2026 17:33:16.132] [Render thread/ERROR] [net.neoforged.fml.ModLoader/]: Cowardly refusing to send event net.neoforged.neoforge.client.event.TextureAtlasStitchedEvent to a broken mod state
[11mai2026 17:33:16.133] [Render thread/INFO] [net.minecraft.client.renderer.texture.TextureAtlas/]: Created: 512x256x4 minecraft:textures/atlas/shulker_boxes.png-atlas
[11mai2026 17:33:16.133] [Render thread/ERROR] [net.neoforged.fml.ModLoader/]: Cowardly refusing to send event net.neoforged.neoforge.client.event.TextureAtlasStitchedEvent to a broken mod state
[11mai2026 17:33:16.133] [Render thread/INFO] [net.minecraft.client.renderer.texture.TextureAtlas/]: Created: 512x256x4 minecraft:textures/atlas/beds.png-atlas
[11mai2026 17:33:16.133] [Render thread/ERROR] [net.neoforged.fml.ModLoader/]: Cowardly refusing to send event net.neoforged.neoforge.client.event.TextureAtlasStitchedEvent to a broken mod state
[11mai2026 17:33:16.134] [Render thread/ERROR] [net.neoforged.fml.ModLoader/]: Cowardly refusing to send event net.neoforged.neoforge.client.event.ModelEvent$BakingCompleted to a broken mod state
[11mai2026 17:33:16.246] [Render thread/ERROR] [net.neoforged.fml.ModLoader/]: Cowardly refusing to send event net.neoforged.neoforge.client.event.EntityRenderersEvent$CreateSkullModels to a broken mod state
[11mai2026 17:33:16.248] [Render thread/ERROR] [net.neoforged.fml.ModLoader/]: Cowardly refusing to send event net.neoforged.neoforge.client.event.EntityRenderersEvent$CreateSkullModels to a broken mod state
[11mai2026 17:33:16.324] [Render thread/ERROR] [net.neoforged.fml.ModLoader/]: Cowardly refusing to send event net.neoforged.neoforge.client.event.EntityRenderersEvent$CreateSkullModels to a broken mod state
[11mai2026 17:33:16.328] [Render thread/ERROR] [net.neoforged.fml.ModLoader/]: Cowardly refusing to send event net.neoforged.neoforge.client.event.EntityRenderersEvent$CreateSkullModels to a broken mod state
[11mai2026 17:33:16.328] [Render thread/ERROR] [net.neoforged.fml.ModLoader/]: Cowardly refusing to send event net.neoforged.neoforge.client.event.EntityRenderersEvent$CreateSkullModels to a broken mod state
[11mai2026 17:33:16.329] [Render thread/ERROR] [net.neoforged.fml.ModLoader/]: Cowardly refusing to send event net.neoforged.neoforge.client.event.EntityRenderersEvent$CreateSkullModels to a broken mod state
[11mai2026 17:33:16.330] [Render thread/ERROR] [net.neoforged.fml.ModLoader/]: Cowardly refusing to send event net.neoforged.neoforge.client.event.EntityRenderersEvent$CreateSkullModels to a broken mod state
[11mai2026 17:33:16.333] [Render thread/ERROR] [net.neoforged.fml.ModLoader/]: Cowardly refusing to send event net.neoforged.neoforge.client.event.EntityRenderersEvent$CreateSkullModels to a broken mod state
[11mai2026 17:33:16.333] [Render thread/ERROR] [net.neoforged.fml.ModLoader/]: Cowardly refusing to send event net.neoforged.neoforge.client.event.EntityRenderersEvent$CreateSkullModels to a broken mod state
[11mai2026 17:33:16.333] [Render thread/ERROR] [net.neoforged.fml.ModLoader/]: Cowardly refusing to send event net.neoforged.neoforge.client.event.EntityRenderersEvent$CreateSkullModels to a broken mod state
[11mai2026 17:33:16.335] [Render thread/ERROR] [net.neoforged.fml.ModLoader/]: Cowardly refusing to send event net.neoforged.neoforge.client.event.EntityRenderersEvent$CreateSkullModels to a broken mod state
[11mai2026 17:33:16.336] [Render thread/ERROR] [net.neoforged.fml.ModLoader/]: Cowardly refusing to send event net.neoforged.neoforge.client.event.EntityRenderersEvent$CreateSkullModels to a broken mod state
[11mai2026 17:33:16.336] [Render thread/ERROR] [net.neoforged.fml.ModLoader/]: Cowardly refusing to send event net.neoforged.neoforge.client.event.EntityRenderersEvent$CreateSkullModels to a broken mod state
[11mai2026 17:33:16.338] [Render thread/ERROR] [net.neoforged.fml.ModLoader/]: Cowardly refusing to send event net.neoforged.neoforge.client.event.EntityRenderersEvent$CreateSkullModels to a broken mod state
[11mai2026 17:33:16.338] [Render thread/ERROR] [net.neoforged.fml.ModLoader/]: Cowardly refusing to send event net.neoforged.neoforge.client.event.EntityRenderersEvent$CreateSkullModels to a broken mod state
[11mai2026 17:33:16.339] [Render thread/ERROR] [net.neoforged.fml.ModLoader/]: Cowardly refusing to send event net.neoforged.neoforge.client.event.EntityRenderersEvent$CreateSkullModels to a broken mod state
[11mai2026 17:33:16.339] [Render thread/ERROR] [net.neoforged.fml.ModLoader/]: Cowardly refusing to send event net.neoforged.neoforge.client.event.EntityRenderersEvent$CreateSkullModels to a broken mod state
[11mai2026 17:33:16.346] [Render thread/ERROR] [net.neoforged.fml.ModLoader/]: Cowardly refusing to send event net.neoforged.neoforge.client.event.EntityRenderersEvent$CreateSkullModels to a broken mod state
[11mai2026 17:33:16.347] [Render thread/ERROR] [net.neoforged.fml.ModLoader/]: Cowardly refusing to send event net.neoforged.neoforge.client.event.EntityRenderersEvent$CreateSkullModels to a broken mod state
[11mai2026 17:33:16.351] [Render thread/ERROR] [net.neoforged.fml.ModLoader/]: Cowardly refusing to send event net.neoforged.neoforge.client.event.EntityRenderersEvent$CreateSkullModels to a broken mod state
[11mai2026 17:33:16.355] [Render thread/ERROR] [net.neoforged.fml.ModLoader/]: Cowardly refusing to send event net.neoforged.neoforge.client.event.EntityRenderersEvent$CreateSkullModels to a broken mod state
[11mai2026 17:33:16.356] [Render thread/ERROR] [net.neoforged.fml.ModLoader/]: Cowardly refusing to send event net.neoforged.neoforge.client.event.EntityRenderersEvent$CreateSkullModels to a broken mod state
[11mai2026 17:33:16.356] [Render thread/ERROR] [net.neoforged.fml.ModLoader/]: Cowardly refusing to send event net.neoforged.neoforge.client.event.EntityRenderersEvent$AddLayers to a broken mod state
[11mai2026 17:33:16.356] [Render thread/INFO] [net.minecraft.client.renderer.texture.TextureAtlas/]: Created: 512x256x0 minecraft:textures/atlas/particles.png-atlas
[11mai2026 17:33:16.357] [Render thread/ERROR] [net.neoforged.fml.ModLoader/]: Cowardly refusing to send event net.neoforged.neoforge.client.event.TextureAtlasStitchedEvent to a broken mod state
[11mai2026 17:33:16.358] [Render thread/INFO] [net.minecraft.client.renderer.texture.TextureAtlas/]: Created: 512x256x0 minecraft:textures/atlas/paintings.png-atlas
[11mai2026 17:33:16.358] [Render thread/ERROR] [net.neoforged.fml.ModLoader/]: Cowardly refusing to send event net.neoforged.neoforge.client.event.TextureAtlasStitchedEvent to a broken mod state
[11mai2026 17:33:16.358] [Render thread/INFO] [net.minecraft.client.renderer.texture.TextureAtlas/]: Created: 256x128x0 minecraft:textures/atlas/mob_effects.png-atlas
[11mai2026 17:33:16.358] [Render thread/ERROR] [net.neoforged.fml.ModLoader/]: Cowardly refusing to send event net.neoforged.neoforge.client.event.TextureAtlasStitchedEvent to a broken mod state
[11mai2026 17:33:16.358] [Render thread/INFO] [net.minecraft.client.renderer.texture.TextureAtlas/]: Created: 64x64x0 minecraft:textures/atlas/map_decorations.png-atlas
[11mai2026 17:33:16.358] [Render thread/ERROR] [net.neoforged.fml.ModLoader/]: Cowardly refusing to send event net.neoforged.neoforge.client.event.TextureAtlasStitchedEvent to a broken mod state
[11mai2026 17:33:16.358] [Render thread/INFO] [net.minecraft.client.renderer.texture.TextureAtlas/]: Created: 1024x512x0 minecraft:textures/atlas/gui.png-atlas
[11mai2026 17:33:16.358] [Render thread/ERROR] [net.neoforged.fml.ModLoader/]: Cowardly refusing to send event net.neoforged.neoforge.client.event.TextureAtlasStitchedEvent to a broken mod state
[11mai2026 17:33:16.385] [Render thread/WARN] [net.minecraft.client.renderer.ShaderInstance/]: Shader rendertype_entity_translucent_emissive could not find sampler named Sampler2 in the specified shader program.
[11mai2026 17:33:16.432] [Render thread/ERROR] [net.neoforged.fml.ModLoader/]: Cowardly refusing to send event net.neoforged.neoforge.client.event.RegisterShadersEvent to a broken mod state
[11mai2026 17:33:16.442] [Render thread/ERROR] [net.neoforged.fml.ModLoader/]: Cowardly refusing to send event dev.engine_room.flywheel.api.event.EndClientResourceReloadEvent to a broken mod state
[11mai2026 17:33:16.528] [Render thread/ERROR] [net.minecraft.CrashReport/]: Negative index in crash report handler (0/31)
[11mai2026 17:33:16.541] [Render thread/FATAL] [net.neoforged.neoforge.common.NeoForgeMod/]: Preparing crash report with UUID 97b67882-1729-4346-a441-f5eb4749e6f7
[11mai2026 17:33:16.541] [Render thread/FATAL] [net.neoforged.neoforge.client.loading.ClientModLoader/]: Crash report saved to .\crash-reports\crash-2026-05-11_17.33.16-fml.txt
[11mai2026 17:33:16.543] [Render thread/FATAL] [net.neoforged.neoforge.common.NeoForgeMod/]: Preparing crash report with UUID fadd6155-5771-4846-925e-e37ba05cabb5
